<?xml version="1.0" encoding="UTF-8"?>
<!-- Generated by org.testng.reporters.JUnitReportReporter -->
<testsuite hostname="UMESH" failures="0" tests="3" name="test.RegisterTest" time="4.790" errors="0" timestamp="2024-01-16T16:11:33 IST" skipped="0">
  <testcase classname="test.RegisterTest" name="registerUserAPI" time="1.297"/>
  <system-out/>
  <testcase classname="test.RegisterTest" name="getUserAPI" time="0.218"/>
  <system-out/>
  <testcase classname="test.RegisterTest" name="addUserAPI" time="3.275"/>
  <system-out/>
</testsuite> <!-- test.RegisterTest -->
