<?xml version="1.0" encoding="UTF-8"?>
<!-- Generated by org.testng.reporters.JUnitReportReporter -->
<testsuite hostname="DESKTOP-BUUTTCS" failures="0" tests="1" name="test.RegisterTest" time="5.173" errors="0" timestamp="2024-01-15T13:52:11 IST" skipped="0">
  <testcase classname="test.RegisterTest" name="deleteCreateAPI" time="5.173"/>
  <system-out/>
</testsuite> <!-- test.RegisterTest -->
