<?xml version="1.0" encoding="UTF-8"?>
<!-- Generated by org.testng.reporters.JUnitReportReporter -->
<testsuite hostname="UMESH" failures="0" tests="2" name="test.GoogleMapTest" time="2.187" errors="0" timestamp="2024-01-17T14:45:09 IST" skipped="0">
  <testcase classname="test.GoogleMapTest" name="addLocationPOSTCallAPITest" time="1.323"/>
  <system-out/>
  <testcase classname="test.GoogleMapTest" name="getLocationGETCallAPITest" time="0.864"/>
  <system-out/>
</testsuite> <!-- test.GoogleMapTest -->
